<?xml version="1.0" encoding="UTF-8"?>
<testsuite xmlns:xsi="http://www.w3.org/2001/XMLSchema-instance" xsi:noNamespaceSchemaLocation="https://maven.apache.org/surefire/maven-surefire-plugin/xsd/surefire-test-report-3.0.xsd" version="3.0" name="DatabaseTest" time="0.039" tests="1" errors="1" skipped="0" failures="0">
  <properties>
[...]
</properties>
  <testcase name="testConnection" classname="DatabaseTest" time="0.022">
    <error message="class DatabaseTest (in unnamed module @0x78691363) cannot access class com.example.moodtrackr.model.SqliteConnection (in module com.example.moodtrackr.moodtrackr) because module com.example.moodtrackr.moodtrackr does not export com.example.moodtrackr.model to unnamed module @0x78691363" type="java.lang.IllegalAccessError"><![CDATA[java.lang.IllegalAccessError: class DatabaseTest (in unnamed module @0x78691363) cannot access class com.example.moodtrackr.model.SqliteConnection (in module com.example.moodtrackr.moodtrackr) because module com.example.moodtrackr.moodtrackr does not export com.example.moodtrackr.model to unnamed module @0x78691363
	at DatabaseTest.testConnection(DatabaseTest.java:11)
	at java.base/java.lang.reflect.Method.invoke(Method.java:580)
	at java.base/java.util.ArrayList.forEach(ArrayList.java:1596)
	at java.base/java.util.ArrayList.forEach(ArrayList.java:1596)
]]></error>
  </testcase>
</testsuite>