<?xml version="1.0" encoding="UTF-8"?>
<testsuite xmlns:xsi="http://www.w3.org/2001/XMLSchema-instance" xsi:noNamespaceSchemaLocation="https://maven.apache.org/surefire/maven-surefire-plugin/xsd/surefire-test-report-3.0.xsd" version="3.0" name="UserTest" time="0.075" tests="10" errors="10" skipped="0" failures="0">
  <properties>
[...]
</properties>
  <testcase name="testGetEmail" classname="UserTest" time="0.006">
    <error message="class UserTest (in unnamed module @0x78691363) cannot access class com.example.moodtrackr.model.User (in module com.example.moodtrackr.moodtrackr) because module com.example.moodtrackr.moodtrackr does not export com.example.moodtrackr.model to unnamed module @0x78691363" type="java.lang.IllegalAccessError"><![CDATA[java.lang.IllegalAccessError: class UserTest (in unnamed module @0x78691363) cannot access class com.example.moodtrackr.model.User (in module com.example.moodtrackr.moodtrackr) because module com.example.moodtrackr.moodtrackr does not export com.example.moodtrackr.model to unnamed module @0x78691363
	at UserTest.setUp(UserTest.java:11)
	at java.base/java.lang.reflect.Method.invoke(Method.java:580)
	at java.base/java.util.ArrayList.forEach(ArrayList.java:1596)
	at java.base/java.util.ArrayList.forEach(ArrayList.java:1596)
]]></error>
  </testcase>
  <testcase name="testGetPhone" classname="UserTest" time="0.004">
    <error message="class UserTest (in unnamed module @0x78691363) cannot access class com.example.moodtrackr.model.User (in module com.example.moodtrackr.moodtrackr) because module com.example.moodtrackr.moodtrackr does not export com.example.moodtrackr.model to unnamed module @0x78691363" type="java.lang.IllegalAccessError"><![CDATA[java.lang.IllegalAccessError: class UserTest (in unnamed module @0x78691363) cannot access class com.example.moodtrackr.model.User (in module com.example.moodtrackr.moodtrackr) because module com.example.moodtrackr.moodtrackr does not export com.example.moodtrackr.model to unnamed module @0x78691363
	at UserTest.setUp(UserTest.java:11)
	at java.base/java.lang.reflect.Method.invoke(Method.java:580)
	at java.base/java.util.ArrayList.forEach(ArrayList.java:1596)
	at java.base/java.util.ArrayList.forEach(ArrayList.java:1596)
]]></error>
  </testcase>
  <testcase name="testSetFirstName" classname="UserTest" time="0.006">
    <error message="class UserTest (in unnamed module @0x78691363) cannot access class com.example.moodtrackr.model.User (in module com.example.moodtrackr.moodtrackr) because module com.example.moodtrackr.moodtrackr does not export com.example.moodtrackr.model to unnamed module @0x78691363" type="java.lang.IllegalAccessError"><![CDATA[java.lang.IllegalAccessError: class UserTest (in unnamed module @0x78691363) cannot access class com.example.moodtrackr.model.User (in module com.example.moodtrackr.moodtrackr) because module com.example.moodtrackr.moodtrackr does not export com.example.moodtrackr.model to unnamed module @0x78691363
	at UserTest.setUp(UserTest.java:11)
	at java.base/java.lang.reflect.Method.invoke(Method.java:580)
	at java.base/java.util.ArrayList.forEach(ArrayList.java:1596)
	at java.base/java.util.ArrayList.forEach(ArrayList.java:1596)
]]></error>
  </testcase>
  <testcase name="testGetFullName" classname="UserTest" time="0.002">
    <error message="class UserTest (in unnamed module @0x78691363) cannot access class com.example.moodtrackr.model.User (in module com.example.moodtrackr.moodtrackr) because module com.example.moodtrackr.moodtrackr does not export com.example.moodtrackr.model to unnamed module @0x78691363" type="java.lang.IllegalAccessError"><![CDATA[java.lang.IllegalAccessError: class UserTest (in unnamed module @0x78691363) cannot access class com.example.moodtrackr.model.User (in module com.example.moodtrackr.moodtrackr) because module com.example.moodtrackr.moodtrackr does not export com.example.moodtrackr.model to unnamed module @0x78691363
	at UserTest.setUp(UserTest.java:11)
	at java.base/java.lang.reflect.Method.invoke(Method.java:580)
	at java.base/java.util.ArrayList.forEach(ArrayList.java:1596)
	at java.base/java.util.ArrayList.forEach(ArrayList.java:1596)
]]></error>
  </testcase>
  <testcase name="testGetId" classname="UserTest" time="0.002">
    <error message="class UserTest (in unnamed module @0x78691363) cannot access class com.example.moodtrackr.model.User (in module com.example.moodtrackr.moodtrackr) because module com.example.moodtrackr.moodtrackr does not export com.example.moodtrackr.model to unnamed module @0x78691363" type="java.lang.IllegalAccessError"><![CDATA[java.lang.IllegalAccessError: class UserTest (in unnamed module @0x78691363) cannot access class com.example.moodtrackr.model.User (in module com.example.moodtrackr.moodtrackr) because module com.example.moodtrackr.moodtrackr does not export com.example.moodtrackr.model to unnamed module @0x78691363
	at UserTest.setUp(UserTest.java:11)
	at java.base/java.lang.reflect.Method.invoke(Method.java:580)
	at java.base/java.util.ArrayList.forEach(ArrayList.java:1596)
	at java.base/java.util.ArrayList.forEach(ArrayList.java:1596)
]]></error>
  </testcase>
  <testcase name="testSetLastName" classname="UserTest" time="0.007">
    <error message="class UserTest (in unnamed module @0x78691363) cannot access class com.example.moodtrackr.model.User (in module com.example.moodtrackr.moodtrackr) because module com.example.moodtrackr.moodtrackr does not export com.example.moodtrackr.model to unnamed module @0x78691363" type="java.lang.IllegalAccessError"><![CDATA[java.lang.IllegalAccessError: class UserTest (in unnamed module @0x78691363) cannot access class com.example.moodtrackr.model.User (in module com.example.moodtrackr.moodtrackr) because module com.example.moodtrackr.moodtrackr does not export com.example.moodtrackr.model to unnamed module @0x78691363
	at UserTest.setUp(UserTest.java:11)
	at java.base/java.lang.reflect.Method.invoke(Method.java:580)
	at java.base/java.util.ArrayList.forEach(ArrayList.java:1596)
	at java.base/java.util.ArrayList.forEach(ArrayList.java:1596)
]]></error>
  </testcase>
  <testcase name="testGetLastName" classname="UserTest" time="0.005">
    <error message="class UserTest (in unnamed module @0x78691363) cannot access class com.example.moodtrackr.model.User (in module com.example.moodtrackr.moodtrackr) because module com.example.moodtrackr.moodtrackr does not export com.example.moodtrackr.model to unnamed module @0x78691363" type="java.lang.IllegalAccessError"><![CDATA[java.lang.IllegalAccessError: class UserTest (in unnamed module @0x78691363) cannot access class com.example.moodtrackr.model.User (in module com.example.moodtrackr.moodtrackr) because module com.example.moodtrackr.moodtrackr does not export com.example.moodtrackr.model to unnamed module @0x78691363
	at UserTest.setUp(UserTest.java:11)
	at java.base/java.lang.reflect.Method.invoke(Method.java:580)
	at java.base/java.util.ArrayList.forEach(ArrayList.java:1596)
	at java.base/java.util.ArrayList.forEach(ArrayList.java:1596)
]]></error>
  </testcase>
  <testcase name="testGetFirstName" classname="UserTest" time="0.002">
    <error message="class UserTest (in unnamed module @0x78691363) cannot access class com.example.moodtrackr.model.User (in module com.example.moodtrackr.moodtrackr) because module com.example.moodtrackr.moodtrackr does not export com.example.moodtrackr.model to unnamed module @0x78691363" type="java.lang.IllegalAccessError"><![CDATA[java.lang.IllegalAccessError: class UserTest (in unnamed module @0x78691363) cannot access class com.example.moodtrackr.model.User (in module com.example.moodtrackr.moodtrackr) because module com.example.moodtrackr.moodtrackr does not export com.example.moodtrackr.model to unnamed module @0x78691363
	at UserTest.setUp(UserTest.java:11)
	at java.base/java.lang.reflect.Method.invoke(Method.java:580)
	at java.base/java.util.ArrayList.forEach(ArrayList.java:1596)
	at java.base/java.util.ArrayList.forEach(ArrayList.java:1596)
]]></error>
  </testcase>
  <testcase name="testSetEmail" classname="UserTest" time="0.001">
    <error message="class UserTest (in unnamed module @0x78691363) cannot access class com.example.moodtrackr.model.User (in module com.example.moodtrackr.moodtrackr) because module com.example.moodtrackr.moodtrackr does not export com.example.moodtrackr.model to unnamed module @0x78691363" type="java.lang.IllegalAccessError"><![CDATA[java.lang.IllegalAccessError: class UserTest (in unnamed module @0x78691363) cannot access class com.example.moodtrackr.model.User (in module com.example.moodtrackr.moodtrackr) because module com.example.moodtrackr.moodtrackr does not export com.example.moodtrackr.model to unnamed module @0x78691363
	at UserTest.setUp(UserTest.java:11)
	at java.base/java.lang.reflect.Method.invoke(Method.java:580)
	at java.base/java.util.ArrayList.forEach(ArrayList.java:1596)
	at java.base/java.util.ArrayList.forEach(ArrayList.java:1596)
]]></error>
  </testcase>
  <testcase name="testSetPhone" classname="UserTest" time="0.004">
    <error message="class UserTest (in unnamed module @0x78691363) cannot access class com.example.moodtrackr.model.User (in module com.example.moodtrackr.moodtrackr) because module com.example.moodtrackr.moodtrackr does not export com.example.moodtrackr.model to unnamed module @0x78691363" type="java.lang.IllegalAccessError"><![CDATA[java.lang.IllegalAccessError: class UserTest (in unnamed module @0x78691363) cannot access class com.example.moodtrackr.model.User (in module com.example.moodtrackr.moodtrackr) because module com.example.moodtrackr.moodtrackr does not export com.example.moodtrackr.model to unnamed module @0x78691363
	at UserTest.setUp(UserTest.java:11)
	at java.base/java.lang.reflect.Method.invoke(Method.java:580)
	at java.base/java.util.ArrayList.forEach(ArrayList.java:1596)
	at java.base/java.util.ArrayList.forEach(ArrayList.java:1596)
]]></error>
  </testcase>
</testsuite>